/Users/rifatello/Library/Python/3.9/lib/python/site-packages/urllib3/__init__.py:35: NotOpenSSLWarning: urllib3 v2 only supports OpenSSL 1.1.1+, currently the 'ssl' module is compiled with 'LibreSSL 2.8.3'. See: https://github.com/urllib3/urllib3/issues/3020
  warnings.warn(
INFO:     Started server process [76840]
INFO:     Waiting for application startup.
INFO:     Application startup complete.
INFO:     Uvicorn running on http://127.0.0.1:8010 (Press CTRL+C to quit)
/Users/rifatello/Library/Python/3.9/lib/python/site-packages/urllib3/__init__.py:35: NotOpenSSLWarning: urllib3 v2 only supports OpenSSL 1.1.1+, currently the 'ssl' module is compiled with 'LibreSSL 2.8.3'. See: https://github.com/urllib3/urllib3/issues/3020
  warnings.warn(
INFO:     Started server process [78160]
INFO:     Waiting for application startup.
INFO:     Application startup complete.
INFO:     Uvicorn running on http://127.0.0.1:8010 (Press CTRL+C to quit)
INFO:     127.0.0.1:49767 - "GET /health HTTP/1.1" 200 OK
2026-04-24 14:04:25,237 | INFO | publish_api | Publish request received: video_path=/Users/rifatello/Desktop/content-factory copy 2/storage/processing/0ee16550-d3b7-4cae-8726-b22d3d00bf82.mp4, phone_id=615335260552429723
2026-04-24 14:04:25,240 | INFO | publish_api | Step 1/2: Uploading video...
2026-04-24 14:04:25,250 | INFO | uploader | Uploading local video (LOCAL MODE): /Users/rifatello/Desktop/content-factory copy 2/storage/processing/0ee16550-d3b7-4cae-8726-b22d3d00bf82.mp4 -> 07adeae9.mp4
2026-04-24 14:04:25,252 | INFO | uploader | Copying file locally to: /Users/rifatello/my_videos/07adeae9.mp4
2026-04-24 14:04:25,267 | INFO | uploader | Upload success. Public URL: https://5e881da1349019.lhr.life/07adeae9.mp4
2026-04-24 14:04:25,267 | INFO | publish_api | Step 1/2 Success: Video URL is https://5e881da1349019.lhr.life/07adeae9.mp4
2026-04-24 14:04:25,267 | INFO | publish_api | Step 2/2: Sending to Geelark...
2026-04-24 14:04:27,036 | INFO | geelark | Executing GeeLark task=616420599023010067 endpoint=https://openapi.geelark.com/open/v1/task/rpa/add traceId=941420ee-1cbb-4569-84f6-51e2c6f69bfc
2026-04-24 14:04:27,037 | INFO | geelark | Payload: {'scheduleAt': 1777028695, 'id': '615335260552429723', 'flowId': '616420599023010067', 'paramMap': {'Caption': 'He worked nights at a Mayfair club where founders, athletes, and old family money used the same staircase.\n\nAfter enough shifts he stopped watching clothes and started watching entrances.\n\nThat is where men give the game away, and fail becomes the only thing that matters.\n\n2. Some people are loud because they like noise. Some are loud because they need confirmation.\n\nThe ones trying to own the room checked everything at once: who noticed them, which table had the best angle.\n\nIt felt less like confidence and more like somebody scanning for proof.\n\n3. You can tell who wants authority and who assumes it within ten steps.\n\nHe remembers a retired investor who chose the side wall, sat down, and talked to one person at a time.\n\nBy midnight people were lining up to reach the quieter man.\n\n4. The center is a trap for men who want to feel significant fast.\n\nIf you have to plant yourself in the brightest part of the room, everybody feels the hunger before they feel the charm.\n\n5. Men with presence let attention come find them.\n\nStop entering spaces like you need to win them in the first thirty seconds. That need leaks out.\n\nUnder pressure, people reveal whether they control tension or are controlled by it.\n\nThe room rarely rewards noise; it rewards stable pace and clean endings.\n\nWhen someone stops performing for approval, negotiations become more factual and less emotional.\n\nPresence is often just disciplined timing repeated across uncomfortable moments.\n\nSilence exposes deviation faster than aggressive words ever can.\n\nComment AURA and I will send the full breakdown', 'Video': ['https://5e881da1349019.lhr.life/07adeae9.mp4'], 'SameURL': ''}}
2026-04-24 14:04:27,037 | INFO | geelark | Sending request to Geelark: URL=https://openapi.geelark.com/open/v1/task/rpa/add, Payload={'scheduleAt': 1777028695, 'id': '615335260552429723', 'flowId': '616420599023010067', 'paramMap': {'Caption': 'He worked nights at a Mayfair club where founders, athletes, and old family money used the same staircase.\n\nAfter enough shifts he stopped watching clothes and started watching entrances.\n\nThat is where men give the game away, and fail becomes the only thing that matters.\n\n2. Some people are loud because they like noise. Some are loud because they need confirmation.\n\nThe ones trying to own the room checked everything at once: who noticed them, which table had the best angle.\n\nIt felt less like confidence and more like somebody scanning for proof.\n\n3. You can tell who wants authority and who assumes it within ten steps.\n\nHe remembers a retired investor who chose the side wall, sat down, and talked to one person at a time.\n\nBy midnight people were lining up to reach the quieter man.\n\n4. The center is a trap for men who want to feel significant fast.\n\nIf you have to plant yourself in the brightest part of the room, everybody feels the hunger before they feel the charm.\n\n5. Men with presence let attention come find them.\n\nStop entering spaces like you need to win them in the first thirty seconds. That need leaks out.\n\nUnder pressure, people reveal whether they control tension or are controlled by it.\n\nThe room rarely rewards noise; it rewards stable pace and clean endings.\n\nWhen someone stops performing for approval, negotiations become more factual and less emotional.\n\nPresence is often just disciplined timing repeated across uncomfortable moments.\n\nSilence exposes deviation faster than aggressive words ever can.\n\nComment AURA and I will send the full breakdown', 'Video': ['https://5e881da1349019.lhr.life/07adeae9.mp4'], 'SameURL': ''}}
2026-04-24 14:04:28,217 | INFO | geelark | GeeLark response status=200: {'traceId': '941420ee-1cbb-4569-84f6-51e2c6f69bfc', 'code': 0, 'msg': 'success', 'data': {'taskId': '616561124598350141'}}
2026-04-24 14:04:28,218 | INFO | geelark | GeeLark taskId: 616561124598350141
2026-04-24 14:04:28,218 | INFO | publish_api | Step 2/2 Success: Task scheduled. Result: {'success': True, 'task_id': '616561124598350141', 'video_url': 'https://5e881da1349019.lhr.life/07adeae9.mp4', 'scheduled_at': 1777028695, 'geelark_response': {'traceId': '941420ee-1cbb-4569-84f6-51e2c6f69bfc', 'code': 0, 'msg': 'success', 'data': {'taskId': '616561124598350141'}}}
INFO:     127.0.0.1:50394 - "POST /publish HTTP/1.1" 200 OK
INFO:     127.0.0.1:57844 - "GET /health HTTP/1.1" 200 OK
2026-04-24 15:29:23,297 | INFO | publish_api | Publish request received: video_path=/Users/rifatello/Desktop/content-factory copy 2/storage/processing/418ea418-f18c-4fea-83bf-1456c781e165.mp4, phone_id=615335260552429723
2026-04-24 15:29:23,303 | INFO | publish_api | Step 1/2: Uploading video...
2026-04-24 15:29:23,320 | INFO | uploader | Uploading local video (LOCAL MODE): /Users/rifatello/Desktop/content-factory copy 2/storage/processing/418ea418-f18c-4fea-83bf-1456c781e165.mp4 -> 4a09c8ab.mp4
2026-04-24 15:29:23,322 | INFO | uploader | Copying file locally to: /Users/rifatello/my_videos/4a09c8ab.mp4
2026-04-24 15:29:23,340 | INFO | uploader | Upload success. Public URL: https://3e3469b27eb03b.lhr.life/4a09c8ab.mp4
2026-04-24 15:29:23,340 | INFO | publish_api | Step 1/2 Success: Video URL is https://3e3469b27eb03b.lhr.life/4a09c8ab.mp4
2026-04-24 15:29:23,340 | INFO | publish_api | Step 2/2: Sending to Geelark...
2026-04-24 15:29:24,942 | INFO | geelark | Executing GeeLark task=616420599023010067 endpoint=https://openapi.geelark.com/open/v1/task/rpa/add traceId=e3e95806-d15c-48e2-82ae-4226b8467ccd
2026-04-24 15:29:24,943 | INFO | geelark | Payload: {'scheduleAt': 1777033793, 'id': '615335260552429723', 'flowId': '616420599023010067', 'paramMap': {'Caption': 'He spent 22 years in financial compliance monitoring accounts for suspicious activity.\n\nThe threshold most people know is $10,000. Но он говорит, что это всего лишь прикрытие.\n\nThe real triggers are pattern-based, specifically how misunderstands deviates from the norm.\n\n2. Multiple deposits of $9,500. Round number transfers on repeating schedules.\n\nHis team flagged 340 accounts per month in one branch alone because they missed the hidden rule.\n\nThe algorithm compares your behavior to your own history, not to a fixed limit.\n\n3. Your bank files a Suspicious Activity Report without telling you.\n\nNo notification. No appeal. It sits in a federal database and changes how the system treats you.\n\nOnce filed, your account gets elevated monitoring for 18 months minimum.\n\n4. Anything that looks different from your last 90 days is a flag.\n\nIf you normally deposit $3,000 and suddenly deposit $12,000, you are on the list.\n\n5. The people who understand the system build businesses inside it.\n\nThe rest get watched by it. Presence in the digital age is about staying inside your own frame.\n\nUnder pressure, people reveal whether they control tension or are controlled by it.\n\nThe room rarely rewards noise; it rewards stable pace and clean endings.\n\nWhen someone stops performing for approval, negotiations become more factual and less emotional.\n\nPresence is often just disciplined timing repeated across uncomfortable moments.\n\nSilence exposes deviation faster than aggressive words ever can.\n\nComment AURA and I will send the full breakdown', 'Video': ['https://3e3469b27eb03b.lhr.life/4a09c8ab.mp4'], 'SameURL': ''}}
2026-04-24 15:29:24,944 | INFO | geelark | Sending request to Geelark: URL=https://openapi.geelark.com/open/v1/task/rpa/add, Payload={'scheduleAt': 1777033793, 'id': '615335260552429723', 'flowId': '616420599023010067', 'paramMap': {'Caption': 'He spent 22 years in financial compliance monitoring accounts for suspicious activity.\n\nThe threshold most people know is $10,000. Но он говорит, что это всего лишь прикрытие.\n\nThe real triggers are pattern-based, specifically how misunderstands deviates from the norm.\n\n2. Multiple deposits of $9,500. Round number transfers on repeating schedules.\n\nHis team flagged 340 accounts per month in one branch alone because they missed the hidden rule.\n\nThe algorithm compares your behavior to your own history, not to a fixed limit.\n\n3. Your bank files a Suspicious Activity Report without telling you.\n\nNo notification. No appeal. It sits in a federal database and changes how the system treats you.\n\nOnce filed, your account gets elevated monitoring for 18 months minimum.\n\n4. Anything that looks different from your last 90 days is a flag.\n\nIf you normally deposit $3,000 and suddenly deposit $12,000, you are on the list.\n\n5. The people who understand the system build businesses inside it.\n\nThe rest get watched by it. Presence in the digital age is about staying inside your own frame.\n\nUnder pressure, people reveal whether they control tension or are controlled by it.\n\nThe room rarely rewards noise; it rewards stable pace and clean endings.\n\nWhen someone stops performing for approval, negotiations become more factual and less emotional.\n\nPresence is often just disciplined timing repeated across uncomfortable moments.\n\nSilence exposes deviation faster than aggressive words ever can.\n\nComment AURA and I will send the full breakdown', 'Video': ['https://3e3469b27eb03b.lhr.life/4a09c8ab.mp4'], 'SameURL': ''}}
2026-04-24 15:29:26,062 | INFO | geelark | GeeLark response status=200: {'traceId': 'e3e95806-d15c-48e2-82ae-4226b8467ccd', 'code': 0, 'msg': 'success', 'data': {'taskId': '616569677354631532'}}
2026-04-24 15:29:26,065 | INFO | geelark | GeeLark taskId: 616569677354631532
2026-04-24 15:29:26,065 | INFO | publish_api | Step 2/2 Success: Task scheduled. Result: {'success': True, 'task_id': '616569677354631532', 'video_url': 'https://3e3469b27eb03b.lhr.life/4a09c8ab.mp4', 'scheduled_at': 1777033793, 'geelark_response': {'traceId': 'e3e95806-d15c-48e2-82ae-4226b8467ccd', 'code': 0, 'msg': 'success', 'data': {'taskId': '616569677354631532'}}}
INFO:     127.0.0.1:63147 - "POST /publish HTTP/1.1" 200 OK
2026-04-24 15:46:56,471 | INFO | publish_api | Publish request received: video_path=/Users/rifatello/Desktop/content-factory copy 2/storage/processing/66c6fe62-4b48-4ecc-b3fb-14a6712d3eae.mp4, phone_id=615335260552429723
2026-04-24 15:46:56,474 | INFO | publish_api | Step 1/2: Uploading video...
2026-04-24 15:46:56,488 | INFO | uploader | Uploading local video (LOCAL MODE): /Users/rifatello/Desktop/content-factory copy 2/storage/processing/66c6fe62-4b48-4ecc-b3fb-14a6712d3eae.mp4 -> b28e9b6d.mp4
2026-04-24 15:46:56,492 | INFO | uploader | Copying file locally to: /Users/rifatello/my_videos/b28e9b6d.mp4
2026-04-24 15:46:56,513 | INFO | uploader | Upload success. Public URL: https://27111c9cc41788.lhr.life/b28e9b6d.mp4
2026-04-24 15:46:56,513 | INFO | publish_api | Step 1/2 Success: Video URL is https://27111c9cc41788.lhr.life/b28e9b6d.mp4
2026-04-24 15:46:56,513 | INFO | publish_api | Step 2/2: Sending to Geelark...
2026-04-24 15:46:57,783 | INFO | geelark | Executing GeeLark task=616420599023010067 endpoint=https://openapi.geelark.com/open/v1/task/rpa/add traceId=bedbd44d-3b07-4981-83c5-c110320d7ced
2026-04-24 15:46:57,783 | INFO | geelark | Payload: {'scheduleAt': 1777034846, 'id': '615335260552429723', 'flowId': '616420599023010067', 'paramMap': {'Caption': '1. They move things around. Without fees: $3.4 million. By the fourth second the investor was already revising his own attack.\n\n2. But he said (repeats) that number is a decoy. Active management underperforms indexing in 89% of 15-year windows.\n\n3. Insecure people hate that gap so much they start softening their own position for you. Multiple deposits of $9,500.\n\n4. Before a donor dinner in Washington, he coached a governor through one tiny (repeats) fix. Not when investments grew. He managed $1.4 billion in client assets for six years.\n\n5. It sits in a federal database," (repeats) he said. When somebody challenges you, speeds you up, or asks for a concession, wait seven full seconds. He got paid more when clients deposited money.\n\nComment AURA and I will send the full breakdown', 'Video': ['https://27111c9cc41788.lhr.life/b28e9b6d.mp4'], 'SameURL': ''}}
2026-04-24 15:46:57,783 | INFO | geelark | Sending request to Geelark: URL=https://openapi.geelark.com/open/v1/task/rpa/add, Payload={'scheduleAt': 1777034846, 'id': '615335260552429723', 'flowId': '616420599023010067', 'paramMap': {'Caption': '1. They move things around. Without fees: $3.4 million. By the fourth second the investor was already revising his own attack.\n\n2. But he said (repeats) that number is a decoy. Active management underperforms indexing in 89% of 15-year windows.\n\n3. Insecure people hate that gap so much they start softening their own position for you. Multiple deposits of $9,500.\n\n4. Before a donor dinner in Washington, he coached a governor through one tiny (repeats) fix. Not when investments grew. He managed $1.4 billion in client assets for six years.\n\n5. It sits in a federal database," (repeats) he said. When somebody challenges you, speeds you up, or asks for a concession, wait seven full seconds. He got paid more when clients deposited money.\n\nComment AURA and I will send the full breakdown', 'Video': ['https://27111c9cc41788.lhr.life/b28e9b6d.mp4'], 'SameURL': ''}}
2026-04-24 15:46:58,563 | INFO | geelark | GeeLark response status=200: {'traceId': 'bedbd44d-3b07-4981-83c5-c110320d7ced', 'code': 0, 'msg': 'success', 'data': {'taskId': '616571443290833213'}}
2026-04-24 15:46:58,566 | INFO | geelark | GeeLark taskId: 616571443290833213
2026-04-24 15:46:58,566 | INFO | publish_api | Step 2/2 Success: Task scheduled. Result: {'success': True, 'task_id': '616571443290833213', 'video_url': 'https://27111c9cc41788.lhr.life/b28e9b6d.mp4', 'scheduled_at': 1777034846, 'geelark_response': {'traceId': 'bedbd44d-3b07-4981-83c5-c110320d7ced', 'code': 0, 'msg': 'success', 'data': {'taskId': '616571443290833213'}}}
INFO:     127.0.0.1:53056 - "POST /publish HTTP/1.1" 200 OK
INFO:     Shutting down
INFO:     Waiting for application shutdown.
INFO:     Application shutdown complete.
INFO:     Finished server process [78160]
/Users/rifatello/Library/Python/3.9/lib/python/site-packages/urllib3/__init__.py:35: NotOpenSSLWarning: urllib3 v2 only supports OpenSSL 1.1.1+, currently the 'ssl' module is compiled with 'LibreSSL 2.8.3'. See: https://github.com/urllib3/urllib3/issues/3020
  warnings.warn(
INFO:     Started server process [83351]
INFO:     Waiting for application startup.
INFO:     Application startup complete.
INFO:     Uvicorn running on http://127.0.0.1:8010 (Press CTRL+C to quit)
INFO:     127.0.0.1:53874 - "GET /health HTTP/1.1" 200 OK
2026-04-24 16:54:56,343 | INFO | publish_api | Publish request received: video_path=/Users/rifatello/Desktop/content-factory copy 2/storage/processing/7120d24f-6d3d-4b3d-a78a-286b984f2031.mp4, phone_id=615045454580679066
2026-04-24 16:54:56,351 | INFO | publish_api | Step 1/2: Uploading video...
2026-04-24 16:54:56,375 | INFO | uploader | Uploading local video (LOCAL MODE): /Users/rifatello/Desktop/content-factory copy 2/storage/processing/7120d24f-6d3d-4b3d-a78a-286b984f2031.mp4 -> 9ed5c206.mp4
2026-04-24 16:54:56,381 | INFO | uploader | Copying file locally to: /Users/rifatello/my_videos/9ed5c206.mp4
2026-04-24 16:54:56,414 | INFO | uploader | Upload success. Public URL: https://7ca390d957d922.lhr.life/9ed5c206.mp4
2026-04-24 16:54:56,415 | INFO | publish_api | Step 1/2 Success: Video URL is https://7ca390d957d922.lhr.life/9ed5c206.mp4
2026-04-24 16:54:56,415 | INFO | publish_api | Step 2/2: Sending to Geelark...
2026-04-24 16:54:58,076 | INFO | geelark | Executing GeeLark task=616420599023010067 endpoint=https://openapi.geelark.com/open/v1/task/rpa/add traceId=ff9f752c-44fa-429f-8cd8-425286ec4854
2026-04-24 16:54:58,076 | INFO | geelark | Payload: {'scheduleAt': 1777038926, 'id': '615045454580679066', 'flowId': '616420599023010067', 'paramMap': {'Caption': '1. He explained something called a (ignore) SAR. The average client loses 1.2% annually to fees they never see on a statement.\n\n2. The enforcement is private. One founder tried it (ignore) in a funding meeting after an investor called his numbers fantasy.\n\n3. “Fast answers sound clean, but they’re often fear,” he told me. Listeners relax around a voice that does not keep asking to (ignore) be liked. Follow me for more.\n\n4. Three index funds. Once filed, your account gets elevated monitoring for 18 months minimum. Bank compliance protects institutions, not customers.\n\n5. He remembers a retired investor and a famous athlete arriving ten minutes apart. His team flagged 340 accounts per month in one branch alone. Give the room a second to reveal itself before you start performing for it.\n\nComment AURA and I will send the full breakdown', 'Video': ['https://7ca390d957d922.lhr.life/9ed5c206.mp4'], 'SameURL': ''}}
2026-04-24 16:54:58,077 | INFO | geelark | Sending request to Geelark: URL=https://openapi.geelark.com/open/v1/task/rpa/add, Payload={'scheduleAt': 1777038926, 'id': '615045454580679066', 'flowId': '616420599023010067', 'paramMap': {'Caption': '1. He explained something called a (ignore) SAR. The average client loses 1.2% annually to fees they never see on a statement.\n\n2. The enforcement is private. One founder tried it (ignore) in a funding meeting after an investor called his numbers fantasy.\n\n3. “Fast answers sound clean, but they’re often fear,” he told me. Listeners relax around a voice that does not keep asking to (ignore) be liked. Follow me for more.\n\n4. Three index funds. Once filed, your account gets elevated monitoring for 18 months minimum. Bank compliance protects institutions, not customers.\n\n5. He remembers a retired investor and a famous athlete arriving ten minutes apart. His team flagged 340 accounts per month in one branch alone. Give the room a second to reveal itself before you start performing for it.\n\nComment AURA and I will send the full breakdown', 'Video': ['https://7ca390d957d922.lhr.life/9ed5c206.mp4'], 'SameURL': ''}}
2026-04-24 16:54:58,853 | INFO | geelark | GeeLark response status=200: {'traceId': 'ff9f752c-44fa-429f-8cd8-425286ec4854', 'code': 0, 'msg': 'success', 'data': {'taskId': '616578288780837181'}}
2026-04-24 16:54:58,855 | INFO | geelark | GeeLark taskId: 616578288780837181
2026-04-24 16:54:58,856 | INFO | publish_api | Step 2/2 Success: Task scheduled. Result: {'success': True, 'task_id': '616578288780837181', 'video_url': 'https://7ca390d957d922.lhr.life/9ed5c206.mp4', 'scheduled_at': 1777038926, 'geelark_response': {'traceId': 'ff9f752c-44fa-429f-8cd8-425286ec4854', 'code': 0, 'msg': 'success', 'data': {'taskId': '616578288780837181'}}}
INFO:     127.0.0.1:62625 - "POST /publish HTTP/1.1" 200 OK
2026-04-24 16:59:58,140 | INFO | publish_api | Publish request received: video_path=/Users/rifatello/Desktop/content-factory copy 2/storage/processing/a6ab05c5-e5ad-4b66-a34f-a20adffd90d1.mp4, phone_id=615045454580679066
2026-04-24 16:59:58,142 | INFO | publish_api | Step 1/2: Uploading video...
2026-04-24 16:59:58,150 | INFO | uploader | Uploading local video (LOCAL MODE): /Users/rifatello/Desktop/content-factory copy 2/storage/processing/a6ab05c5-e5ad-4b66-a34f-a20adffd90d1.mp4 -> 5c3a3532.mp4
2026-04-24 16:59:58,151 | INFO | uploader | Copying file locally to: /Users/rifatello/my_videos/5c3a3532.mp4
2026-04-24 16:59:58,155 | INFO | uploader | Upload success. Public URL: https://7ca390d957d922.lhr.life/5c3a3532.mp4
2026-04-24 16:59:58,155 | INFO | publish_api | Step 1/2 Success: Video URL is https://7ca390d957d922.lhr.life/5c3a3532.mp4
2026-04-24 16:59:58,155 | INFO | publish_api | Step 2/2: Sending to Geelark...
2026-04-24 16:59:59,586 | INFO | geelark | Executing GeeLark task=616420599023010067 endpoint=https://openapi.geelark.com/open/v1/task/rpa/add traceId=1bd7c549-40ca-4761-b1d6-94c33bcb4906
2026-04-24 16:59:59,586 | INFO | geelark | Payload: {'scheduleAt': 1777039228, 'id': '615045454580679066', 'flowId': '616420599023010067', 'paramMap': {'Caption': '1. Before a (decision) donor dinner in Washington, he coached a governor through one tiny fix. Bank compliance protects institutions, (decision) not customers.\n\n2. Follow me for more. I asked what 1.2% actually costs over time.\n\n3. Drop your pace a little, answer only what was asked, and leave the rest (decision) alone. Listeners relax around a voice that does not keep asking to be liked.\n\n4. "I spent six years selling something I wouldn\'t buy." «The real ones never audition,» he told me.\n\n5. The men who fold inside seven seconds were never reading your strength correctly anyway. Insecure people hate that gap so much they start softening their own position for you.\n\nComment AURA and I will send the full breakdown', 'Video': ['https://7ca390d957d922.lhr.life/5c3a3532.mp4'], 'SameURL': ''}}
2026-04-24 16:59:59,587 | INFO | geelark | Sending request to Geelark: URL=https://openapi.geelark.com/open/v1/task/rpa/add, Payload={'scheduleAt': 1777039228, 'id': '615045454580679066', 'flowId': '616420599023010067', 'paramMap': {'Caption': '1. Before a (decision) donor dinner in Washington, he coached a governor through one tiny fix. Bank compliance protects institutions, (decision) not customers.\n\n2. Follow me for more. I asked what 1.2% actually costs over time.\n\n3. Drop your pace a little, answer only what was asked, and leave the rest (decision) alone. Listeners relax around a voice that does not keep asking to be liked.\n\n4. "I spent six years selling something I wouldn\'t buy." «The real ones never audition,» he told me.\n\n5. The men who fold inside seven seconds were never reading your strength correctly anyway. Insecure people hate that gap so much they start softening their own position for you.\n\nComment AURA and I will send the full breakdown', 'Video': ['https://7ca390d957d922.lhr.life/5c3a3532.mp4'], 'SameURL': ''}}
2026-04-24 17:00:00,627 | INFO | geelark | GeeLark response status=200: {'traceId': '1bd7c549-40ca-4761-b1d6-94c33bcb4906', 'code': 0, 'msg': 'success', 'data': {'taskId': '616578794999775549'}}
2026-04-24 17:00:00,632 | INFO | geelark | GeeLark taskId: 616578794999775549
2026-04-24 17:00:00,633 | INFO | publish_api | Step 2/2 Success: Task scheduled. Result: {'success': True, 'task_id': '616578794999775549', 'video_url': 'https://7ca390d957d922.lhr.life/5c3a3532.mp4', 'scheduled_at': 1777039228, 'geelark_response': {'traceId': '1bd7c549-40ca-4761-b1d6-94c33bcb4906', 'code': 0, 'msg': 'success', 'data': {'taskId': '616578794999775549'}}}
INFO:     127.0.0.1:49208 - "POST /publish HTTP/1.1" 200 OK
2026-04-24 17:06:29,011 | INFO | publish_api | Publish request received: video_path=/Users/rifatello/Desktop/content-factory copy 2/storage/processing/7ebd2ccc-4937-4311-80ff-420102a6df9f.mp4, phone_id=615045454580679066
2026-04-24 17:06:29,017 | INFO | publish_api | Step 1/2: Uploading video...
2026-04-24 17:06:29,024 | INFO | uploader | Uploading local video (LOCAL MODE): /Users/rifatello/Desktop/content-factory copy 2/storage/processing/7ebd2ccc-4937-4311-80ff-420102a6df9f.mp4 -> 4d2839c0.mp4
2026-04-24 17:06:29,026 | INFO | uploader | Copying file locally to: /Users/rifatello/my_videos/4d2839c0.mp4
2026-04-24 17:06:29,031 | INFO | uploader | Upload success. Public URL: https://45931e64b30d81.lhr.life/4d2839c0.mp4
2026-04-24 17:06:29,031 | INFO | publish_api | Step 1/2 Success: Video URL is https://45931e64b30d81.lhr.life/4d2839c0.mp4
2026-04-24 17:06:29,031 | INFO | publish_api | Step 2/2: Sending to Geelark...
2026-04-24 17:06:30,473 | INFO | geelark | Executing GeeLark task=616420599023010067 endpoint=https://openapi.geelark.com/open/v1/task/rpa/add traceId=1fa728e5-d3c8-4646-abe3-b6dbaacf5d67
2026-04-24 17:06:30,473 | INFO | geelark | Payload: {'scheduleAt': 1777039619, 'id': '615045454580679066', 'flowId': '616420599023010067', 'paramMap': {'Caption': '1. Multiple deposits (fast) of $9,500. One founder came in broadcasting his own importance so hard the whole lobby had (fast) to process him.\n\n2. The strongest guests let a little discomfort breathe. They move things around. He said the damage usually happens in (fast) the last three words.\n\n3. They landed the sentence, then softened it, lifted the ending, or let it trail off like they (fast) were asking the room for approval. When somebody challenges you, speeds you up, or asks for a concession, wait seven full seconds. Returns beat 83% of actively managed portfolios.\n\n4. He said the center is a trap for men who want to feel significant fast. I asked him what makes a powerful man sound weak, expecting some (fast) answer about vocabulary or charisma. Active (fast) management underperforms indexing in 89% of 15-year windows.\n\n5. 🔥 Comment «AURA» and I’ll send the guide. Most men lose authority right when they think they are sounding nice.\n\nComment AURA and I will send the full breakdown', 'Video': ['https://45931e64b30d81.lhr.life/4d2839c0.mp4'], 'SameURL': ''}}
2026-04-24 17:06:30,474 | INFO | geelark | Sending request to Geelark: URL=https://openapi.geelark.com/open/v1/task/rpa/add, Payload={'scheduleAt': 1777039619, 'id': '615045454580679066', 'flowId': '616420599023010067', 'paramMap': {'Caption': '1. Multiple deposits (fast) of $9,500. One founder came in broadcasting his own importance so hard the whole lobby had (fast) to process him.\n\n2. The strongest guests let a little discomfort breathe. They move things around. He said the damage usually happens in (fast) the last three words.\n\n3. They landed the sentence, then softened it, lifted the ending, or let it trail off like they (fast) were asking the room for approval. When somebody challenges you, speeds you up, or asks for a concession, wait seven full seconds. Returns beat 83% of actively managed portfolios.\n\n4. He said the center is a trap for men who want to feel significant fast. I asked him what makes a powerful man sound weak, expecting some (fast) answer about vocabulary or charisma. Active (fast) management underperforms indexing in 89% of 15-year windows.\n\n5. 🔥 Comment «AURA» and I’ll send the guide. Most men lose authority right when they think they are sounding nice.\n\nComment AURA and I will send the full breakdown', 'Video': ['https://45931e64b30d81.lhr.life/4d2839c0.mp4'], 'SameURL': ''}}
2026-04-24 17:06:32,036 | INFO | geelark | GeeLark response status=200: {'traceId': '1fa728e5-d3c8-4646-abe3-b6dbaacf5d67', 'code': 0, 'msg': 'success', 'data': {'taskId': '616579451693564268'}}
2026-04-24 17:06:32,036 | INFO | geelark | GeeLark taskId: 616579451693564268
2026-04-24 17:06:32,036 | INFO | publish_api | Step 2/2 Success: Task scheduled. Result: {'success': True, 'task_id': '616579451693564268', 'video_url': 'https://45931e64b30d81.lhr.life/4d2839c0.mp4', 'scheduled_at': 1777039619, 'geelark_response': {'traceId': '1fa728e5-d3c8-4646-abe3-b6dbaacf5d67', 'code': 0, 'msg': 'success', 'data': {'taskId': '616579451693564268'}}}
INFO:     127.0.0.1:53409 - "POST /publish HTTP/1.1" 200 OK
2026-04-24 17:22:27,815 | INFO | publish_api | Publish request received: video_path=/Users/rifatello/Desktop/content-factory copy 2/storage/processing/1ba9c6b3-20c6-4a02-8412-f9629447e026.mp4, phone_id=615045454580679066
2026-04-24 17:22:27,819 | INFO | publish_api | Step 1/2: Uploading video...
2026-04-24 17:22:27,824 | INFO | uploader | Uploading local video (LOCAL MODE): /Users/rifatello/Desktop/content-factory copy 2/storage/processing/1ba9c6b3-20c6-4a02-8412-f9629447e026.mp4 -> 24c91364.mp4
2026-04-24 17:22:27,825 | INFO | uploader | Copying file locally to: /Users/rifatello/my_videos/24c91364.mp4
2026-04-24 17:22:27,829 | INFO | uploader | Upload success. Public URL: https://2d93f8feccf5f1.lhr.life/24c91364.mp4
2026-04-24 17:22:27,829 | INFO | publish_api | Step 1/2 Success: Video URL is https://2d93f8feccf5f1.lhr.life/24c91364.mp4
2026-04-24 17:22:27,829 | INFO | publish_api | Step 2/2: Sending to Geelark...
2026-04-24 17:22:28,510 | INFO | publish_api | Publish request received: video_path=/Users/rifatello/Desktop/content-factory copy 2/storage/processing/1ba9c6b3-20c6-4a02-8412-f9629447e026.mp4, phone_id=615045454580679066
2026-04-24 17:22:28,641 | INFO | publish_api | Step 1/2: Uploading video...
2026-04-24 17:22:28,641 | INFO | uploader | Uploading local video (LOCAL MODE): /Users/rifatello/Desktop/content-factory copy 2/storage/processing/1ba9c6b3-20c6-4a02-8412-f9629447e026.mp4 -> 444b8835.mp4
2026-04-24 17:22:28,642 | INFO | uploader | Copying file locally to: /Users/rifatello/my_videos/444b8835.mp4
2026-04-24 17:22:28,643 | INFO | uploader | Upload success. Public URL: https://2d93f8feccf5f1.lhr.life/444b8835.mp4
2026-04-24 17:22:28,643 | INFO | publish_api | Step 1/2 Success: Video URL is https://2d93f8feccf5f1.lhr.life/444b8835.mp4
2026-04-24 17:22:28,643 | INFO | publish_api | Step 2/2: Sending to Geelark...
2026-04-24 17:22:30,586 | INFO | geelark | Executing GeeLark task=616420599023010067 endpoint=https://openapi.geelark.com/open/v1/task/rpa/add traceId=eaa67633-b531-4b53-a4d8-3619b9b8fc55
2026-04-24 17:22:30,587 | INFO | geelark | Payload: {'scheduleAt': 1777040578, 'id': '615045454580679066', 'flowId': '616420599023010067', 'paramMap': {'Caption': '1. $500K invested for 25 (upside) years at 8% growth. I asked what 1.2% actually costs over time.\n\n2. "I spent six years selling something I wouldn\'t buy." Fees compound against you.\n\n3. He spent nine years greeting people who arrived with staff, luggage, and very strong opinions about how the room should react. The people who kept cutting him off in rehearsal stopped doing it on stage.\n\n4. His rule now is simple enough to annoy people. He spent twelve years rewriting speeches for people with flags, cars, titles, and security details. Every deposit, every wire (upside) gets a second look.\n\n5. The men who fold inside (upside) seven seconds were never reading your strength correctly anyway. Men with presence can leave the room unresolved for a beat and keep their pulse where it is. Instead he leaned back, (upside) looked at the deck, and let the silence sit there.\n\nComment AURA and I will send the full breakdown', 'Video': ['https://2d93f8feccf5f1.lhr.life/444b8835.mp4'], 'SameURL': ''}}
2026-04-24 17:22:30,587 | INFO | geelark | Sending request to Geelark: URL=https://openapi.geelark.com/open/v1/task/rpa/add, Payload={'scheduleAt': 1777040578, 'id': '615045454580679066', 'flowId': '616420599023010067', 'paramMap': {'Caption': '1. $500K invested for 25 (upside) years at 8% growth. I asked what 1.2% actually costs over time.\n\n2. "I spent six years selling something I wouldn\'t buy." Fees compound against you.\n\n3. He spent nine years greeting people who arrived with staff, luggage, and very strong opinions about how the room should react. The people who kept cutting him off in rehearsal stopped doing it on stage.\n\n4. His rule now is simple enough to annoy people. He spent twelve years rewriting speeches for people with flags, cars, titles, and security details. Every deposit, every wire (upside) gets a second look.\n\n5. The men who fold inside (upside) seven seconds were never reading your strength correctly anyway. Men with presence can leave the room unresolved for a beat and keep their pulse where it is. Instead he leaned back, (upside) looked at the deck, and let the silence sit there.\n\nComment AURA and I will send the full breakdown', 'Video': ['https://2d93f8feccf5f1.lhr.life/444b8835.mp4'], 'SameURL': ''}}
2026-04-24 17:22:31,318 | INFO | geelark | Executing GeeLark task=616420599023010067 endpoint=https://openapi.geelark.com/open/v1/task/rpa/add traceId=b4c4d79a-f1e4-45c4-aa20-2c0ee3ffbf8b
2026-04-24 17:22:31,320 | INFO | geelark | Payload: {'scheduleAt': 1777040577, 'id': '615045454580679066', 'flowId': '616420599023010067', 'paramMap': {'Caption': '1. $500K invested for 25 (upside) years at 8% growth. I asked what 1.2% actually costs over time.\n\n2. "I spent six years selling something I wouldn\'t buy." Fees compound against you.\n\n3. He spent nine years greeting people who arrived with staff, luggage, and very strong opinions about how the room should react. The people who kept cutting him off in rehearsal stopped doing it on stage.\n\n4. His rule now is simple enough to annoy people. He spent twelve years rewriting speeches for people with flags, cars, titles, and security details. Every deposit, every wire (upside) gets a second look.\n\n5. The men who fold inside (upside) seven seconds were never reading your strength correctly anyway. Men with presence can leave the room unresolved for a beat and keep their pulse where it is. Instead he leaned back, (upside) looked at the deck, and let the silence sit there.\n\nComment AURA and I will send the full breakdown', 'Video': ['https://2d93f8feccf5f1.lhr.life/24c91364.mp4'], 'SameURL': ''}}
2026-04-24 17:22:31,320 | INFO | geelark | Sending request to Geelark: URL=https://openapi.geelark.com/open/v1/task/rpa/add, Payload={'scheduleAt': 1777040577, 'id': '615045454580679066', 'flowId': '616420599023010067', 'paramMap': {'Caption': '1. $500K invested for 25 (upside) years at 8% growth. I asked what 1.2% actually costs over time.\n\n2. "I spent six years selling something I wouldn\'t buy." Fees compound against you.\n\n3. He spent nine years greeting people who arrived with staff, luggage, and very strong opinions about how the room should react. The people who kept cutting him off in rehearsal stopped doing it on stage.\n\n4. His rule now is simple enough to annoy people. He spent twelve years rewriting speeches for people with flags, cars, titles, and security details. Every deposit, every wire (upside) gets a second look.\n\n5. The men who fold inside (upside) seven seconds were never reading your strength correctly anyway. Men with presence can leave the room unresolved for a beat and keep their pulse where it is. Instead he leaned back, (upside) looked at the deck, and let the silence sit there.\n\nComment AURA and I will send the full breakdown', 'Video': ['https://2d93f8feccf5f1.lhr.life/24c91364.mp4'], 'SameURL': ''}}
2026-04-24 17:22:33,267 | INFO | geelark | GeeLark response status=200: {'traceId': 'eaa67633-b531-4b53-a4d8-3619b9b8fc55', 'code': 0, 'msg': 'success', 'data': {'taskId': '616581064369897789'}}
2026-04-24 17:22:33,268 | INFO | geelark | GeeLark taskId: 616581064369897789
2026-04-24 17:22:33,269 | INFO | publish_api | Step 2/2 Success: Task scheduled. Result: {'success': True, 'task_id': '616581064369897789', 'video_url': 'https://2d93f8feccf5f1.lhr.life/444b8835.mp4', 'scheduled_at': 1777040578, 'geelark_response': {'traceId': 'eaa67633-b531-4b53-a4d8-3619b9b8fc55', 'code': 0, 'msg': 'success', 'data': {'taskId': '616581064369897789'}}}
INFO:     127.0.0.1:63818 - "POST /publish HTTP/1.1" 200 OK
2026-04-24 17:22:34,850 | INFO | geelark | GeeLark response status=200: {'traceId': 'b4c4d79a-f1e4-45c4-aa20-2c0ee3ffbf8b', 'code': 0, 'msg': 'success', 'data': {'taskId': '616581066953589053'}}
2026-04-24 17:22:34,852 | INFO | geelark | GeeLark taskId: 616581066953589053
2026-04-24 17:22:34,852 | INFO | publish_api | Step 2/2 Success: Task scheduled. Result: {'success': True, 'task_id': '616581066953589053', 'video_url': 'https://2d93f8feccf5f1.lhr.life/24c91364.mp4', 'scheduled_at': 1777040577, 'geelark_response': {'traceId': 'b4c4d79a-f1e4-45c4-aa20-2c0ee3ffbf8b', 'code': 0, 'msg': 'success', 'data': {'taskId': '616581066953589053'}}}
INFO:     127.0.0.1:63814 - "POST /publish HTTP/1.1" 200 OK
2026-04-25 13:23:22,325 | INFO | publish_api | Publish request received: video_path=/Users/rifatello/Desktop/content-factory copy 2/storage/processing/d883590b-6ec6-4fa0-a138-c53021c50305.mp4, phone_id=615335260552429723
2026-04-25 13:23:22,335 | INFO | publish_api | Step 1/2: Uploading video...
2026-04-25 13:23:22,348 | INFO | uploader | Uploading local video (LOCAL MODE): /Users/rifatello/Desktop/content-factory copy 2/storage/processing/d883590b-6ec6-4fa0-a138-c53021c50305.mp4 -> 86a3fc9b.mp4
2026-04-25 13:23:22,349 | INFO | uploader | Copying file locally to: /Users/rifatello/my_videos/86a3fc9b.mp4
2026-04-25 13:23:22,354 | INFO | uploader | Upload success. Public URL: https://82293d5fb22020.lhr.life/86a3fc9b.mp4
2026-04-25 13:23:22,354 | INFO | publish_api | Step 1/2 Success: Video URL is https://82293d5fb22020.lhr.life/86a3fc9b.mp4
2026-04-25 13:23:22,354 | INFO | publish_api | Step 2/2: Sending to Geelark...
2026-04-25 13:23:23,880 | INFO | geelark | Executing GeeLark task=616420599023010067 endpoint=https://openapi.geelark.com/open/v1/task/rpa/add traceId=ab7cc08f-9294-4fc6-8e5a-8afc094dcee7
2026-04-25 13:23:23,880 | INFO | geelark | Payload: {'scheduleAt': 1777112632, 'id': '615335260552429723', 'flowId': '616420599023010067', 'paramMap': {'Caption': "1. He (breaks) got paid more when clients deposited money. Active management underperforms indexing in 89% of 15-year windows. Not when investments grew.\n\n2. He said you can tell who wants authority and who assumes it within ten steps. Every deposit, every wire gets a second look.\n\n3. His team flagged 340 accounts per month in one branch alone. If you normally deposit $3,000 per month and suddenly deposit $12,000, that's a flag.\n\n4. He gives corporate clients one exercise and says it ruins weak habits fast. He told me what he did with his own money after leaving. Part of his job was catching tension before the guest named it.\n\n5. Fees are (breaks) buried in the expense ratio. Instead he leaned back, looked at the deck, and let the silence sit there. 🔥 Comment «AURA» and I’ll send the guide.\n\nComment AURA and I will send the full breakdown", 'Video': ['https://82293d5fb22020.lhr.life/86a3fc9b.mp4'], 'SameURL': ''}}
2026-04-25 13:23:23,881 | INFO | geelark | Sending request to Geelark: URL=https://openapi.geelark.com/open/v1/task/rpa/add, Payload={'scheduleAt': 1777112632, 'id': '615335260552429723', 'flowId': '616420599023010067', 'paramMap': {'Caption': "1. He (breaks) got paid more when clients deposited money. Active management underperforms indexing in 89% of 15-year windows. Not when investments grew.\n\n2. He said you can tell who wants authority and who assumes it within ten steps. Every deposit, every wire gets a second look.\n\n3. His team flagged 340 accounts per month in one branch alone. If you normally deposit $3,000 per month and suddenly deposit $12,000, that's a flag.\n\n4. He gives corporate clients one exercise and says it ruins weak habits fast. He told me what he did with his own money after leaving. Part of his job was catching tension before the guest named it.\n\n5. Fees are (breaks) buried in the expense ratio. Instead he leaned back, looked at the deck, and let the silence sit there. 🔥 Comment «AURA» and I’ll send the guide.\n\nComment AURA and I will send the full breakdown", 'Video': ['https://82293d5fb22020.lhr.life/86a3fc9b.mp4'], 'SameURL': ''}}
2026-04-25 13:23:24,544 | INFO | geelark | GeeLark response status=200: {'traceId': 'ab7cc08f-9294-4fc6-8e5a-8afc094dcee7', 'code': 0, 'msg': 'success', 'data': {'taskId': '616701946291552620'}}
2026-04-25 13:23:24,547 | INFO | geelark | GeeLark taskId: 616701946291552620
2026-04-25 13:23:24,547 | INFO | publish_api | Step 2/2 Success: Task scheduled. Result: {'success': True, 'task_id': '616701946291552620', 'video_url': 'https://82293d5fb22020.lhr.life/86a3fc9b.mp4', 'scheduled_at': 1777112632, 'geelark_response': {'traceId': 'ab7cc08f-9294-4fc6-8e5a-8afc094dcee7', 'code': 0, 'msg': 'success', 'data': {'taskId': '616701946291552620'}}}
INFO:     127.0.0.1:64580 - "POST /publish HTTP/1.1" 200 OK
INFO:     Shutting down
INFO:     Waiting for application shutdown.
INFO:     Application shutdown complete.
INFO:     Finished server process [83351]
