/Users/rifatello/Library/Python/3.9/lib/python/site-packages/urllib3/__init__.py:35: NotOpenSSLWarning: urllib3 v2 only supports OpenSSL 1.1.1+, currently the 'ssl' module is compiled with 'LibreSSL 2.8.3'. See: https://github.com/urllib3/urllib3/issues/3020
  warnings.warn(
/Users/rifatello/Library/Python/3.9/lib/python/site-packages/urllib3/__init__.py:35: NotOpenSSLWarning: urllib3 v2 only supports OpenSSL 1.1.1+, currently the 'ssl' module is compiled with 'LibreSSL 2.8.3'. See: https://github.com/urllib3/urllib3/issues/3020
  warnings.warn(
xcode-select: note: No developer tools were found, requesting install.
If developer tools are located at a non-default location on disk, use `sudo xcode-select --switch path/to/Xcode.app` to specify the Xcode that you wish to use for command line developer tools, and cancel the installation dialog.
See `man xcode-select` for more details.
[2026-04-27 16:17:24] bot exited, restarting in 2s
xcode-select: note: No developer tools were found, requesting install.
If developer tools are located at a non-default location on disk, use `sudo xcode-select --switch path/to/Xcode.app` to specify the Xcode that you wish to use for command line developer tools, and cancel the installation dialog.
See `man xcode-select` for more details.
[2026-04-27 16:17:26] bot exited, restarting in 2s
xcode-select: note: No developer tools were found, requesting install.
If developer tools are located at a non-default location on disk, use `sudo xcode-select --switch path/to/Xcode.app` to specify the Xcode that you wish to use for command line developer tools, and cancel the installation dialog.
See `man xcode-select` for more details.
[2026-04-27 16:17:28] bot exited, restarting in 2s
xcode-select: note: No developer tools were found, requesting install.
If developer tools are located at a non-default location on disk, use `sudo xcode-select --switch path/to/Xcode.app` to specify the Xcode that you wish to use for command line developer tools, and cancel the installation dialog.
See `man xcode-select` for more details.
[2026-04-27 16:17:30] bot exited, restarting in 2s
xcode-select: note: No developer tools were found, requesting install.
If developer tools are located at a non-default location on disk, use `sudo xcode-select --switch path/to/Xcode.app` to specify the Xcode that you wish to use for command line developer tools, and cancel the installation dialog.
See `man xcode-select` for more details.
[2026-04-27 16:17:32] bot exited, restarting in 2s
xcode-select: note: No developer tools were found, requesting install.
If developer tools are located at a non-default location on disk, use `sudo xcode-select --switch path/to/Xcode.app` to specify the Xcode that you wish to use for command line developer tools, and cancel the installation dialog.
See `man xcode-select` for more details.
[2026-04-27 16:17:34] bot exited, restarting in 2s
xcode-select: note: No developer tools were found, requesting install.
If developer tools are located at a non-default location on disk, use `sudo xcode-select --switch path/to/Xcode.app` to specify the Xcode that you wish to use for command line developer tools, and cancel the installation dialog.
See `man xcode-select` for more details.
[2026-04-27 16:17:36] bot exited, restarting in 2s
xcode-select: note: No developer tools were found, requesting install.
If developer tools are located at a non-default location on disk, use `sudo xcode-select --switch path/to/Xcode.app` to specify the Xcode that you wish to use for command line developer tools, and cancel the installation dialog.
See `man xcode-select` for more details.
[2026-04-27 16:17:38] bot exited, restarting in 2s
xcode-select: note: No developer tools were found, requesting install.
If developer tools are located at a non-default location on disk, use `sudo xcode-select --switch path/to/Xcode.app` to specify the Xcode that you wish to use for command line developer tools, and cancel the installation dialog.
See `man xcode-select` for more details.
[2026-04-27 16:17:40] bot exited, restarting in 2s
xcode-select: note: No developer tools were found, requesting install.
If developer tools are located at a non-default location on disk, use `sudo xcode-select --switch path/to/Xcode.app` to specify the Xcode that you wish to use for command line developer tools, and cancel the installation dialog.
See `man xcode-select` for more details.
[2026-04-27 16:17:42] bot exited, restarting in 2s
xcode-select: note: No developer tools were found, requesting install.
If developer tools are located at a non-default location on disk, use `sudo xcode-select --switch path/to/Xcode.app` to specify the Xcode that you wish to use for command line developer tools, and cancel the installation dialog.
See `man xcode-select` for more details.
[2026-04-27 16:17:44] bot exited, restarting in 2s
xcode-select: note: No developer tools were found, requesting install.
If developer tools are located at a non-default location on disk, use `sudo xcode-select --switch path/to/Xcode.app` to specify the Xcode that you wish to use for command line developer tools, and cancel the installation dialog.
See `man xcode-select` for more details.
[2026-04-27 16:17:46] bot exited, restarting in 2s
xcode-select: note: No developer tools were found, requesting install.
If developer tools are located at a non-default location on disk, use `sudo xcode-select --switch path/to/Xcode.app` to specify the Xcode that you wish to use for command line developer tools, and cancel the installation dialog.
See `man xcode-select` for more details.
[2026-04-27 16:17:48] bot exited, restarting in 2s
xcode-select: note: No developer tools were found, requesting install.
If developer tools are located at a non-default location on disk, use `sudo xcode-select --switch path/to/Xcode.app` to specify the Xcode that you wish to use for command line developer tools, and cancel the installation dialog.
See `man xcode-select` for more details.
[2026-04-27 16:17:50] bot exited, restarting in 2s
xcode-select: note: No developer tools were found, requesting install.
If developer tools are located at a non-default location on disk, use `sudo xcode-select --switch path/to/Xcode.app` to specify the Xcode that you wish to use for command line developer tools, and cancel the installation dialog.
See `man xcode-select` for more details.
[2026-04-27 16:17:52] bot exited, restarting in 2s
xcode-select: note: No developer tools were found, requesting install.
If developer tools are located at a non-default location on disk, use `sudo xcode-select --switch path/to/Xcode.app` to specify the Xcode that you wish to use for command line developer tools, and cancel the installation dialog.
See `man xcode-select` for more details.
[2026-04-27 16:17:54] bot exited, restarting in 2s
xcode-select: note: No developer tools were found, requesting install.
If developer tools are located at a non-default location on disk, use `sudo xcode-select --switch path/to/Xcode.app` to specify the Xcode that you wish to use for command line developer tools, and cancel the installation dialog.
See `man xcode-select` for more details.
[2026-04-27 16:17:56] bot exited, restarting in 2s
xcode-select: note: No developer tools were found, requesting install.
If developer tools are located at a non-default location on disk, use `sudo xcode-select --switch path/to/Xcode.app` to specify the Xcode that you wish to use for command line developer tools, and cancel the installation dialog.
See `man xcode-select` for more details.
[2026-04-27 16:17:58] bot exited, restarting in 2s
xcode-select: note: No developer tools were found, requesting install.
If developer tools are located at a non-default location on disk, use `sudo xcode-select --switch path/to/Xcode.app` to specify the Xcode that you wish to use for command line developer tools, and cancel the installation dialog.
See `man xcode-select` for more details.
[2026-04-27 16:18:00] bot exited, restarting in 2s
xcode-select: note: No developer tools were found, requesting install.
If developer tools are located at a non-default location on disk, use `sudo xcode-select --switch path/to/Xcode.app` to specify the Xcode that you wish to use for command line developer tools, and cancel the installation dialog.
See `man xcode-select` for more details.
[2026-04-27 16:18:02] bot exited, restarting in 2s
xcode-select: note: No developer tools were found, requesting install.
If developer tools are located at a non-default location on disk, use `sudo xcode-select --switch path/to/Xcode.app` to specify the Xcode that you wish to use for command line developer tools, and cancel the installation dialog.
See `man xcode-select` for more details.
[2026-04-27 16:18:04] bot exited, restarting in 2s
xcode-select: note: No developer tools were found, requesting install.
If developer tools are located at a non-default location on disk, use `sudo xcode-select --switch path/to/Xcode.app` to specify the Xcode that you wish to use for command line developer tools, and cancel the installation dialog.
See `man xcode-select` for more details.
[2026-04-27 16:18:06] bot exited, restarting in 2s
xcode-select: note: No developer tools were found, requesting install.
If developer tools are located at a non-default location on disk, use `sudo xcode-select --switch path/to/Xcode.app` to specify the Xcode that you wish to use for command line developer tools, and cancel the installation dialog.
See `man xcode-select` for more details.
[2026-04-27 16:18:09] bot exited, restarting in 2s
xcode-select: note: No developer tools were found, requesting install.
If developer tools are located at a non-default location on disk, use `sudo xcode-select --switch path/to/Xcode.app` to specify the Xcode that you wish to use for command line developer tools, and cancel the installation dialog.
See `man xcode-select` for more details.
[2026-04-27 16:18:11] bot exited, restarting in 2s
xcode-select: note: No developer tools were found, requesting install.
If developer tools are located at a non-default location on disk, use `sudo xcode-select --switch path/to/Xcode.app` to specify the Xcode that you wish to use for command line developer tools, and cancel the installation dialog.
See `man xcode-select` for more details.
[2026-04-27 16:18:13] bot exited, restarting in 2s
xcode-select: note: No developer tools were found, requesting install.
If developer tools are located at a non-default location on disk, use `sudo xcode-select --switch path/to/Xcode.app` to specify the Xcode that you wish to use for command line developer tools, and cancel the installation dialog.
See `man xcode-select` for more details.
[2026-04-27 16:18:15] bot exited, restarting in 2s
xcode-select: note: No developer tools were found, requesting install.
If developer tools are located at a non-default location on disk, use `sudo xcode-select --switch path/to/Xcode.app` to specify the Xcode that you wish to use for command line developer tools, and cancel the installation dialog.
See `man xcode-select` for more details.
[2026-04-27 16:18:17] bot exited, restarting in 2s
xcode-select: note: No developer tools were found, requesting install.
If developer tools are located at a non-default location on disk, use `sudo xcode-select --switch path/to/Xcode.app` to specify the Xcode that you wish to use for command line developer tools, and cancel the installation dialog.
See `man xcode-select` for more details.
[2026-04-27 16:18:19] bot exited, restarting in 2s
xcode-select: note: No developer tools were found, requesting install.
If developer tools are located at a non-default location on disk, use `sudo xcode-select --switch path/to/Xcode.app` to specify the Xcode that you wish to use for command line developer tools, and cancel the installation dialog.
See `man xcode-select` for more details.
[2026-04-27 16:18:21] bot exited, restarting in 2s
xcode-select: note: No developer tools were found, requesting install.
If developer tools are located at a non-default location on disk, use `sudo xcode-select --switch path/to/Xcode.app` to specify the Xcode that you wish to use for command line developer tools, and cancel the installation dialog.
See `man xcode-select` for more details.
[2026-04-27 16:18:23] bot exited, restarting in 2s
xcode-select: note: No developer tools were found, requesting install.
If developer tools are located at a non-default location on disk, use `sudo xcode-select --switch path/to/Xcode.app` to specify the Xcode that you wish to use for command line developer tools, and cancel the installation dialog.
See `man xcode-select` for more details.
[2026-04-27 16:18:25] bot exited, restarting in 2s
xcode-select: note: No developer tools were found, requesting install.
If developer tools are located at a non-default location on disk, use `sudo xcode-select --switch path/to/Xcode.app` to specify the Xcode that you wish to use for command line developer tools, and cancel the installation dialog.
See `man xcode-select` for more details.
[2026-04-27 16:18:27] bot exited, restarting in 2s
xcode-select: note: No developer tools were found, requesting install.
If developer tools are located at a non-default location on disk, use `sudo xcode-select --switch path/to/Xcode.app` to specify the Xcode that you wish to use for command line developer tools, and cancel the installation dialog.
See `man xcode-select` for more details.
[2026-04-27 16:18:29] bot exited, restarting in 2s
xcode-select: note: No developer tools were found, requesting install.
If developer tools are located at a non-default location on disk, use `sudo xcode-select --switch path/to/Xcode.app` to specify the Xcode that you wish to use for command line developer tools, and cancel the installation dialog.
See `man xcode-select` for more details.
[2026-04-27 16:18:31] bot exited, restarting in 2s
xcode-select: note: No developer tools were found, requesting install.
If developer tools are located at a non-default location on disk, use `sudo xcode-select --switch path/to/Xcode.app` to specify the Xcode that you wish to use for command line developer tools, and cancel the installation dialog.
See `man xcode-select` for more details.
[2026-04-27 16:18:33] bot exited, restarting in 2s
xcode-select: note: No developer tools were found, requesting install.
If developer tools are located at a non-default location on disk, use `sudo xcode-select --switch path/to/Xcode.app` to specify the Xcode that you wish to use for command line developer tools, and cancel the installation dialog.
See `man xcode-select` for more details.
[2026-04-27 16:18:35] bot exited, restarting in 2s
xcode-select: note: No developer tools were found, requesting install.
If developer tools are located at a non-default location on disk, use `sudo xcode-select --switch path/to/Xcode.app` to specify the Xcode that you wish to use for command line developer tools, and cancel the installation dialog.
See `man xcode-select` for more details.
[2026-04-27 16:18:37] bot exited, restarting in 2s
xcode-select: note: No developer tools were found, requesting install.
If developer tools are located at a non-default location on disk, use `sudo xcode-select --switch path/to/Xcode.app` to specify the Xcode that you wish to use for command line developer tools, and cancel the installation dialog.
See `man xcode-select` for more details.
[2026-04-27 16:18:39] bot exited, restarting in 2s
xcode-select: note: No developer tools were found, requesting install.
If developer tools are located at a non-default location on disk, use `sudo xcode-select --switch path/to/Xcode.app` to specify the Xcode that you wish to use for command line developer tools, and cancel the installation dialog.
See `man xcode-select` for more details.
[2026-04-27 16:18:41] bot exited, restarting in 2s
xcode-select: note: No developer tools were found, requesting install.
If developer tools are located at a non-default location on disk, use `sudo xcode-select --switch path/to/Xcode.app` to specify the Xcode that you wish to use for command line developer tools, and cancel the installation dialog.
See `man xcode-select` for more details.
[2026-04-27 16:18:43] bot exited, restarting in 2s
xcode-select: note: No developer tools were found, requesting install.
If developer tools are located at a non-default location on disk, use `sudo xcode-select --switch path/to/Xcode.app` to specify the Xcode that you wish to use for command line developer tools, and cancel the installation dialog.
See `man xcode-select` for more details.
[2026-04-27 16:18:45] bot exited, restarting in 2s
xcode-select: note: No developer tools were found, requesting install.
If developer tools are located at a non-default location on disk, use `sudo xcode-select --switch path/to/Xcode.app` to specify the Xcode that you wish to use for command line developer tools, and cancel the installation dialog.
See `man xcode-select` for more details.
[2026-04-27 16:18:47] bot exited, restarting in 2s
xcode-select: note: No developer tools were found, requesting install.
If developer tools are located at a non-default location on disk, use `sudo xcode-select --switch path/to/Xcode.app` to specify the Xcode that you wish to use for command line developer tools, and cancel the installation dialog.
See `man xcode-select` for more details.
[2026-04-27 16:18:49] bot exited, restarting in 2s
xcode-select: note: No developer tools were found, requesting install.
If developer tools are located at a non-default location on disk, use `sudo xcode-select --switch path/to/Xcode.app` to specify the Xcode that you wish to use for command line developer tools, and cancel the installation dialog.
See `man xcode-select` for more details.
[2026-04-27 16:18:51] bot exited, restarting in 2s
xcode-select: note: No developer tools were found, requesting install.
If developer tools are located at a non-default location on disk, use `sudo xcode-select --switch path/to/Xcode.app` to specify the Xcode that you wish to use for command line developer tools, and cancel the installation dialog.
See `man xcode-select` for more details.
[2026-04-27 16:18:53] bot exited, restarting in 2s
xcode-select: note: No developer tools were found, requesting install.
If developer tools are located at a non-default location on disk, use `sudo xcode-select --switch path/to/Xcode.app` to specify the Xcode that you wish to use for command line developer tools, and cancel the installation dialog.
See `man xcode-select` for more details.
[2026-04-27 16:18:55] bot exited, restarting in 2s
xcode-select: note: No developer tools were found, requesting install.
If developer tools are located at a non-default location on disk, use `sudo xcode-select --switch path/to/Xcode.app` to specify the Xcode that you wish to use for command line developer tools, and cancel the installation dialog.
See `man xcode-select` for more details.
[2026-04-27 16:18:57] bot exited, restarting in 2s
xcode-select: note: No developer tools were found, requesting install.
If developer tools are located at a non-default location on disk, use `sudo xcode-select --switch path/to/Xcode.app` to specify the Xcode that you wish to use for command line developer tools, and cancel the installation dialog.
See `man xcode-select` for more details.
[2026-04-27 16:18:59] bot exited, restarting in 2s
xcode-select: note: No developer tools were found, requesting install.
If developer tools are located at a non-default location on disk, use `sudo xcode-select --switch path/to/Xcode.app` to specify the Xcode that you wish to use for command line developer tools, and cancel the installation dialog.
See `man xcode-select` for more details.
[2026-04-27 16:19:01] bot exited, restarting in 2s
xcode-select: note: No developer tools were found, requesting install.
If developer tools are located at a non-default location on disk, use `sudo xcode-select --switch path/to/Xcode.app` to specify the Xcode that you wish to use for command line developer tools, and cancel the installation dialog.
See `man xcode-select` for more details.
[2026-04-27 16:19:03] bot exited, restarting in 2s
xcode-select: note: No developer tools were found, requesting install.
If developer tools are located at a non-default location on disk, use `sudo xcode-select --switch path/to/Xcode.app` to specify the Xcode that you wish to use for command line developer tools, and cancel the installation dialog.
See `man xcode-select` for more details.
[2026-04-27 16:19:05] bot exited, restarting in 2s
xcode-select: note: No developer tools were found, requesting install.
If developer tools are located at a non-default location on disk, use `sudo xcode-select --switch path/to/Xcode.app` to specify the Xcode that you wish to use for command line developer tools, and cancel the installation dialog.
See `man xcode-select` for more details.
[2026-04-27 16:19:07] bot exited, restarting in 2s
xcode-select: note: No developer tools were found, requesting install.
If developer tools are located at a non-default location on disk, use `sudo xcode-select --switch path/to/Xcode.app` to specify the Xcode that you wish to use for command line developer tools, and cancel the installation dialog.
See `man xcode-select` for more details.
[2026-04-27 16:19:09] bot exited, restarting in 2s
xcode-select: note: No developer tools were found, requesting install.
If developer tools are located at a non-default location on disk, use `sudo xcode-select --switch path/to/Xcode.app` to specify the Xcode that you wish to use for command line developer tools, and cancel the installation dialog.
See `man xcode-select` for more details.
[2026-04-27 16:19:11] bot exited, restarting in 2s
xcode-select: note: No developer tools were found, requesting install.
If developer tools are located at a non-default location on disk, use `sudo xcode-select --switch path/to/Xcode.app` to specify the Xcode that you wish to use for command line developer tools, and cancel the installation dialog.
See `man xcode-select` for more details.
[2026-04-27 16:19:13] bot exited, restarting in 2s
xcode-select: note: No developer tools were found, requesting install.
If developer tools are located at a non-default location on disk, use `sudo xcode-select --switch path/to/Xcode.app` to specify the Xcode that you wish to use for command line developer tools, and cancel the installation dialog.
See `man xcode-select` for more details.
[2026-04-27 16:19:15] bot exited, restarting in 2s
xcode-select: note: No developer tools were found, requesting install.
If developer tools are located at a non-default location on disk, use `sudo xcode-select --switch path/to/Xcode.app` to specify the Xcode that you wish to use for command line developer tools, and cancel the installation dialog.
See `man xcode-select` for more details.
[2026-04-27 16:19:17] bot exited, restarting in 2s
xcode-select: note: No developer tools were found, requesting install.
If developer tools are located at a non-default location on disk, use `sudo xcode-select --switch path/to/Xcode.app` to specify the Xcode that you wish to use for command line developer tools, and cancel the installation dialog.
See `man xcode-select` for more details.
[2026-04-27 16:19:19] bot exited, restarting in 2s
xcode-select: note: No developer tools were found, requesting install.
If developer tools are located at a non-default location on disk, use `sudo xcode-select --switch path/to/Xcode.app` to specify the Xcode that you wish to use for command line developer tools, and cancel the installation dialog.
See `man xcode-select` for more details.
[2026-04-27 16:19:21] bot exited, restarting in 2s
xcode-select: note: No developer tools were found, requesting install.
If developer tools are located at a non-default location on disk, use `sudo xcode-select --switch path/to/Xcode.app` to specify the Xcode that you wish to use for command line developer tools, and cancel the installation dialog.
See `man xcode-select` for more details.
[2026-04-27 16:19:23] bot exited, restarting in 2s
xcode-select: note: No developer tools were found, requesting install.
If developer tools are located at a non-default location on disk, use `sudo xcode-select --switch path/to/Xcode.app` to specify the Xcode that you wish to use for command line developer tools, and cancel the installation dialog.
See `man xcode-select` for more details.
[2026-04-27 16:19:26] bot exited, restarting in 2s
xcode-select: note: No developer tools were found, requesting install.
If developer tools are located at a non-default location on disk, use `sudo xcode-select --switch path/to/Xcode.app` to specify the Xcode that you wish to use for command line developer tools, and cancel the installation dialog.
See `man xcode-select` for more details.
[2026-04-27 16:19:28] bot exited, restarting in 2s
xcode-select: note: No developer tools were found, requesting install.
If developer tools are located at a non-default location on disk, use `sudo xcode-select --switch path/to/Xcode.app` to specify the Xcode that you wish to use for command line developer tools, and cancel the installation dialog.
See `man xcode-select` for more details.
[2026-04-27 16:19:30] bot exited, restarting in 2s
xcode-select: note: No developer tools were found, requesting install.
If developer tools are located at a non-default location on disk, use `sudo xcode-select --switch path/to/Xcode.app` to specify the Xcode that you wish to use for command line developer tools, and cancel the installation dialog.
See `man xcode-select` for more details.
[2026-04-27 16:19:32] bot exited, restarting in 2s
xcode-select: note: No developer tools were found, requesting install.
If developer tools are located at a non-default location on disk, use `sudo xcode-select --switch path/to/Xcode.app` to specify the Xcode that you wish to use for command line developer tools, and cancel the installation dialog.
See `man xcode-select` for more details.
[2026-04-27 16:19:34] bot exited, restarting in 2s
xcode-select: note: No developer tools were found, requesting install.
If developer tools are located at a non-default location on disk, use `sudo xcode-select --switch path/to/Xcode.app` to specify the Xcode that you wish to use for command line developer tools, and cancel the installation dialog.
See `man xcode-select` for more details.
[2026-04-27 16:19:36] bot exited, restarting in 2s
xcode-select: note: No developer tools were found, requesting install.
If developer tools are located at a non-default location on disk, use `sudo xcode-select --switch path/to/Xcode.app` to specify the Xcode that you wish to use for command line developer tools, and cancel the installation dialog.
See `man xcode-select` for more details.
[2026-04-27 16:19:38] bot exited, restarting in 2s
xcode-select: note: No developer tools were found, requesting install.
If developer tools are located at a non-default location on disk, use `sudo xcode-select --switch path/to/Xcode.app` to specify the Xcode that you wish to use for command line developer tools, and cancel the installation dialog.
See `man xcode-select` for more details.
[2026-04-27 16:19:40] bot exited, restarting in 2s
xcode-select: note: No developer tools were found, requesting install.
If developer tools are located at a non-default location on disk, use `sudo xcode-select --switch path/to/Xcode.app` to specify the Xcode that you wish to use for command line developer tools, and cancel the installation dialog.
See `man xcode-select` for more details.
[2026-04-27 16:19:42] bot exited, restarting in 2s
xcode-select: note: No developer tools were found, requesting install.
If developer tools are located at a non-default location on disk, use `sudo xcode-select --switch path/to/Xcode.app` to specify the Xcode that you wish to use for command line developer tools, and cancel the installation dialog.
See `man xcode-select` for more details.
[2026-04-27 16:19:44] bot exited, restarting in 2s
xcode-select: note: No developer tools were found, requesting install.
If developer tools are located at a non-default location on disk, use `sudo xcode-select --switch path/to/Xcode.app` to specify the Xcode that you wish to use for command line developer tools, and cancel the installation dialog.
See `man xcode-select` for more details.
[2026-04-27 16:19:46] bot exited, restarting in 2s
xcode-select: note: No developer tools were found, requesting install.
If developer tools are located at a non-default location on disk, use `sudo xcode-select --switch path/to/Xcode.app` to specify the Xcode that you wish to use for command line developer tools, and cancel the installation dialog.
See `man xcode-select` for more details.
[2026-04-27 16:19:48] bot exited, restarting in 2s
xcode-select: note: No developer tools were found, requesting install.
If developer tools are located at a non-default location on disk, use `sudo xcode-select --switch path/to/Xcode.app` to specify the Xcode that you wish to use for command line developer tools, and cancel the installation dialog.
See `man xcode-select` for more details.
[2026-04-27 16:19:50] bot exited, restarting in 2s
xcode-select: note: No developer tools were found, requesting install.
If developer tools are located at a non-default location on disk, use `sudo xcode-select --switch path/to/Xcode.app` to specify the Xcode that you wish to use for command line developer tools, and cancel the installation dialog.
See `man xcode-select` for more details.
[2026-04-27 16:19:52] bot exited, restarting in 2s
xcode-select: note: No developer tools were found, requesting install.
If developer tools are located at a non-default location on disk, use `sudo xcode-select --switch path/to/Xcode.app` to specify the Xcode that you wish to use for command line developer tools, and cancel the installation dialog.
See `man xcode-select` for more details.
[2026-04-27 16:19:54] bot exited, restarting in 2s
xcode-select: note: No developer tools were found, requesting install.
If developer tools are located at a non-default location on disk, use `sudo xcode-select --switch path/to/Xcode.app` to specify the Xcode that you wish to use for command line developer tools, and cancel the installation dialog.
See `man xcode-select` for more details.
[2026-04-27 16:19:56] bot exited, restarting in 2s
xcode-select: note: No developer tools were found, requesting install.
If developer tools are located at a non-default location on disk, use `sudo xcode-select --switch path/to/Xcode.app` to specify the Xcode that you wish to use for command line developer tools, and cancel the installation dialog.
See `man xcode-select` for more details.
[2026-04-27 16:19:58] bot exited, restarting in 2s
xcode-select: note: No developer tools were found, requesting install.
If developer tools are located at a non-default location on disk, use `sudo xcode-select --switch path/to/Xcode.app` to specify the Xcode that you wish to use for command line developer tools, and cancel the installation dialog.
See `man xcode-select` for more details.
[2026-04-27 16:20:00] bot exited, restarting in 2s
xcode-select: note: No developer tools were found, requesting install.
If developer tools are located at a non-default location on disk, use `sudo xcode-select --switch path/to/Xcode.app` to specify the Xcode that you wish to use for command line developer tools, and cancel the installation dialog.
See `man xcode-select` for more details.
[2026-04-27 16:20:02] bot exited, restarting in 2s
Traceback (most recent call last):
  File "/Users/rifat_server/Desktop/content-factory copy 2/bot/telegram_bot.py", line 8, in <module>
    import requests
ModuleNotFoundError: No module named 'requests'
[2026-04-27 16:20:05] bot exited, restarting in 2s
Traceback (most recent call last):
  File "/Users/rifat_server/Desktop/content-factory copy 2/bot/telegram_bot.py", line 8, in <module>
    import requests
ModuleNotFoundError: No module named 'requests'
[2026-04-27 16:20:07] bot exited, restarting in 2s
Traceback (most recent call last):
  File "/Users/rifat_server/Desktop/content-factory copy 2/bot/telegram_bot.py", line 8, in <module>
    import requests
ModuleNotFoundError: No module named 'requests'
[2026-04-27 16:20:09] bot exited, restarting in 2s
Traceback (most recent call last):
  File "/Users/rifat_server/Desktop/content-factory copy 2/bot/telegram_bot.py", line 8, in <module>
    import requests
ModuleNotFoundError: No module named 'requests'
[2026-04-27 16:20:11] bot exited, restarting in 2s
Traceback (most recent call last):
  File "/Users/rifat_server/Desktop/content-factory copy 2/bot/telegram_bot.py", line 8, in <module>
    import requests
ModuleNotFoundError: No module named 'requests'
[2026-04-27 16:20:13] bot exited, restarting in 2s
Traceback (most recent call last):
  File "/Users/rifat_server/Desktop/content-factory copy 2/bot/telegram_bot.py", line 8, in <module>
    import requests
ModuleNotFoundError: No module named 'requests'
[2026-04-27 16:20:15] bot exited, restarting in 2s
Traceback (most recent call last):
  File "/Users/rifat_server/Desktop/content-factory copy 2/bot/telegram_bot.py", line 8, in <module>
    import requests
ModuleNotFoundError: No module named 'requests'
[2026-04-27 16:20:17] bot exited, restarting in 2s
Traceback (most recent call last):
  File "/Users/rifat_server/Desktop/content-factory copy 2/bot/telegram_bot.py", line 8, in <module>
    import requests
ModuleNotFoundError: No module named 'requests'
[2026-04-27 16:20:19] bot exited, restarting in 2s
Traceback (most recent call last):
  File "/Users/rifat_server/Desktop/content-factory copy 2/bot/telegram_bot.py", line 8, in <module>
    import requests
ModuleNotFoundError: No module named 'requests'
[2026-04-27 16:20:21] bot exited, restarting in 2s
Traceback (most recent call last):
  File "/Users/rifat_server/Desktop/content-factory copy 2/bot/telegram_bot.py", line 8, in <module>
    import requests
ModuleNotFoundError: No module named 'requests'
[2026-04-27 16:20:23] bot exited, restarting in 2s
Traceback (most recent call last):
  File "/Users/rifat_server/Desktop/content-factory copy 2/bot/telegram_bot.py", line 8, in <module>
    import requests
ModuleNotFoundError: No module named 'requests'
[2026-04-27 16:20:25] bot exited, restarting in 2s
Traceback (most recent call last):
  File "/Users/rifat_server/Desktop/content-factory copy 2/bot/telegram_bot.py", line 8, in <module>
    import requests
ModuleNotFoundError: No module named 'requests'
[2026-04-27 16:20:27] bot exited, restarting in 2s
Traceback (most recent call last):
  File "/Users/rifat_server/Desktop/content-factory copy 2/bot/telegram_bot.py", line 8, in <module>
    import requests
ModuleNotFoundError: No module named 'requests'
[2026-04-27 16:20:29] bot exited, restarting in 2s
Traceback (most recent call last):
  File "/Users/rifat_server/Desktop/content-factory copy 2/bot/telegram_bot.py", line 8, in <module>
    import requests
ModuleNotFoundError: No module named 'requests'
[2026-04-27 16:20:32] bot exited, restarting in 2s
Traceback (most recent call last):
  File "/Users/rifat_server/Desktop/content-factory copy 2/bot/telegram_bot.py", line 8, in <module>
    import requests
ModuleNotFoundError: No module named 'requests'
[2026-04-27 16:20:34] bot exited, restarting in 2s
Traceback (most recent call last):
  File "/Users/rifat_server/Desktop/content-factory copy 2/bot/telegram_bot.py", line 8, in <module>
    import requests
ModuleNotFoundError: No module named 'requests'
[2026-04-27 16:20:36] bot exited, restarting in 2s
Traceback (most recent call last):
  File "/Users/rifat_server/Desktop/content-factory copy 2/bot/telegram_bot.py", line 8, in <module>
    import requests
ModuleNotFoundError: No module named 'requests'
[2026-04-27 16:20:38] bot exited, restarting in 2s
Traceback (most recent call last):
  File "/Users/rifat_server/Desktop/content-factory copy 2/bot/telegram_bot.py", line 8, in <module>
    import requests
ModuleNotFoundError: No module named 'requests'
[2026-04-27 16:20:40] bot exited, restarting in 2s
Traceback (most recent call last):
  File "/Users/rifat_server/Desktop/content-factory copy 2/bot/telegram_bot.py", line 8, in <module>
    import requests
ModuleNotFoundError: No module named 'requests'
[2026-04-27 16:20:42] bot exited, restarting in 2s
Traceback (most recent call last):
  File "/Users/rifat_server/Desktop/content-factory copy 2/bot/telegram_bot.py", line 8, in <module>
    import requests
ModuleNotFoundError: No module named 'requests'
[2026-04-27 16:20:44] bot exited, restarting in 2s
Traceback (most recent call last):
  File "/Users/rifat_server/Desktop/content-factory copy 2/bot/telegram_bot.py", line 8, in <module>
    import requests
ModuleNotFoundError: No module named 'requests'
[2026-04-27 16:20:46] bot exited, restarting in 2s
Traceback (most recent call last):
  File "/Users/rifat_server/Desktop/content-factory copy 2/bot/telegram_bot.py", line 8, in <module>
    import requests
ModuleNotFoundError: No module named 'requests'
[2026-04-27 16:20:48] bot exited, restarting in 2s
Traceback (most recent call last):
  File "/Users/rifat_server/Desktop/content-factory copy 2/bot/telegram_bot.py", line 8, in <module>
    import requests
ModuleNotFoundError: No module named 'requests'
[2026-04-27 16:20:50] bot exited, restarting in 2s
Traceback (most recent call last):
  File "/Users/rifat_server/Desktop/content-factory copy 2/bot/telegram_bot.py", line 8, in <module>
    import requests
ModuleNotFoundError: No module named 'requests'
[2026-04-27 16:20:52] bot exited, restarting in 2s
Traceback (most recent call last):
  File "/Users/rifat_server/Desktop/content-factory copy 2/bot/telegram_bot.py", line 8, in <module>
    import requests
ModuleNotFoundError: No module named 'requests'
[2026-04-27 16:20:54] bot exited, restarting in 2s
Traceback (most recent call last):
  File "/Users/rifat_server/Desktop/content-factory copy 2/bot/telegram_bot.py", line 8, in <module>
    import requests
ModuleNotFoundError: No module named 'requests'
[2026-04-27 16:20:56] bot exited, restarting in 2s
Traceback (most recent call last):
  File "/Users/rifat_server/Desktop/content-factory copy 2/bot/telegram_bot.py", line 8, in <module>
    import requests
ModuleNotFoundError: No module named 'requests'
[2026-04-27 16:20:58] bot exited, restarting in 2s
Traceback (most recent call last):
  File "/Users/rifat_server/Desktop/content-factory copy 2/bot/telegram_bot.py", line 8, in <module>
    import requests
ModuleNotFoundError: No module named 'requests'
[2026-04-27 16:21:00] bot exited, restarting in 2s
Traceback (most recent call last):
  File "/Users/rifat_server/Desktop/content-factory copy 2/bot/telegram_bot.py", line 8, in <module>
    import requests
ModuleNotFoundError: No module named 'requests'
[2026-04-27 16:21:02] bot exited, restarting in 2s
Traceback (most recent call last):
  File "/Users/rifat_server/Desktop/content-factory copy 2/bot/telegram_bot.py", line 8, in <module>
    import requests
ModuleNotFoundError: No module named 'requests'
[2026-04-27 16:21:04] bot exited, restarting in 2s
Traceback (most recent call last):
  File "/Users/rifat_server/Desktop/content-factory copy 2/bot/telegram_bot.py", line 8, in <module>
    import requests
ModuleNotFoundError: No module named 'requests'
[2026-04-27 16:21:06] bot exited, restarting in 2s
Traceback (most recent call last):
  File "/Users/rifat_server/Desktop/content-factory copy 2/bot/telegram_bot.py", line 8, in <module>
    import requests
ModuleNotFoundError: No module named 'requests'
[2026-04-27 16:21:08] bot exited, restarting in 2s
Traceback (most recent call last):
  File "/Users/rifat_server/Desktop/content-factory copy 2/bot/telegram_bot.py", line 8, in <module>
    import requests
ModuleNotFoundError: No module named 'requests'
[2026-04-27 16:21:11] bot exited, restarting in 2s
Traceback (most recent call last):
  File "/Users/rifat_server/Desktop/content-factory copy 2/bot/telegram_bot.py", line 8, in <module>
    import requests
ModuleNotFoundError: No module named 'requests'
[2026-04-27 16:21:13] bot exited, restarting in 2s
Traceback (most recent call last):
  File "/Users/rifat_server/Desktop/content-factory copy 2/bot/telegram_bot.py", line 8, in <module>
    import requests
ModuleNotFoundError: No module named 'requests'
[2026-04-27 16:21:15] bot exited, restarting in 2s
Traceback (most recent call last):
  File "/Users/rifat_server/Desktop/content-factory copy 2/bot/telegram_bot.py", line 8, in <module>
    import requests
ModuleNotFoundError: No module named 'requests'
[2026-04-27 16:21:17] bot exited, restarting in 2s
Traceback (most recent call last):
  File "/Users/rifat_server/Desktop/content-factory copy 2/bot/telegram_bot.py", line 8, in <module>
    import requests
ModuleNotFoundError: No module named 'requests'
[2026-04-27 16:21:19] bot exited, restarting in 2s
Traceback (most recent call last):
  File "/Users/rifat_server/Desktop/content-factory copy 2/bot/telegram_bot.py", line 8, in <module>
    import requests
ModuleNotFoundError: No module named 'requests'
[2026-04-27 16:21:21] bot exited, restarting in 2s
Traceback (most recent call last):
  File "/Users/rifat_server/Desktop/content-factory copy 2/bot/telegram_bot.py", line 8, in <module>
    import requests
ModuleNotFoundError: No module named 'requests'
[2026-04-27 16:21:23] bot exited, restarting in 2s
Traceback (most recent call last):
  File "/Users/rifat_server/Desktop/content-factory copy 2/bot/telegram_bot.py", line 8, in <module>
    import requests
ModuleNotFoundError: No module named 'requests'
[2026-04-27 16:21:25] bot exited, restarting in 2s
Traceback (most recent call last):
  File "/Users/rifat_server/Desktop/content-factory copy 2/bot/telegram_bot.py", line 8, in <module>
    import requests
ModuleNotFoundError: No module named 'requests'
[2026-04-27 16:21:27] bot exited, restarting in 2s
Traceback (most recent call last):
  File "/Users/rifat_server/Desktop/content-factory copy 2/bot/telegram_bot.py", line 8, in <module>
    import requests
ModuleNotFoundError: No module named 'requests'
[2026-04-27 16:21:29] bot exited, restarting in 2s
Traceback (most recent call last):
  File "/Users/rifat_server/Desktop/content-factory copy 2/bot/telegram_bot.py", line 8, in <module>
    import requests
ModuleNotFoundError: No module named 'requests'
[2026-04-27 16:21:31] bot exited, restarting in 2s
Traceback (most recent call last):
  File "/Users/rifat_server/Desktop/content-factory copy 2/bot/telegram_bot.py", line 8, in <module>
    import requests
ModuleNotFoundError: No module named 'requests'
[2026-04-27 16:21:33] bot exited, restarting in 2s
Traceback (most recent call last):
  File "/Users/rifat_server/Desktop/content-factory copy 2/bot/telegram_bot.py", line 8, in <module>
    import requests
ModuleNotFoundError: No module named 'requests'
[2026-04-27 16:21:35] bot exited, restarting in 2s
Traceback (most recent call last):
  File "/Users/rifat_server/Desktop/content-factory copy 2/bot/telegram_bot.py", line 8, in <module>
    import requests
ModuleNotFoundError: No module named 'requests'
[2026-04-27 16:21:37] bot exited, restarting in 2s
Traceback (most recent call last):
  File "/Users/rifat_server/Desktop/content-factory copy 2/bot/telegram_bot.py", line 8, in <module>
    import requests
ModuleNotFoundError: No module named 'requests'
[2026-04-27 16:21:39] bot exited, restarting in 2s
Traceback (most recent call last):
  File "/Users/rifat_server/Desktop/content-factory copy 2/bot/telegram_bot.py", line 8, in <module>
    import requests
ModuleNotFoundError: No module named 'requests'
[2026-04-27 16:21:41] bot exited, restarting in 2s
Traceback (most recent call last):
  File "/Users/rifat_server/Desktop/content-factory copy 2/bot/telegram_bot.py", line 8, in <module>
    import requests
ModuleNotFoundError: No module named 'requests'
[2026-04-27 16:21:43] bot exited, restarting in 2s
Traceback (most recent call last):
  File "/Users/rifat_server/Desktop/content-factory copy 2/bot/telegram_bot.py", line 8, in <module>
    import requests
ModuleNotFoundError: No module named 'requests'
[2026-04-27 16:21:45] bot exited, restarting in 2s
Traceback (most recent call last):
  File "/Users/rifat_server/Desktop/content-factory copy 2/bot/telegram_bot.py", line 8, in <module>
    import requests
ModuleNotFoundError: No module named 'requests'
[2026-04-27 16:21:47] bot exited, restarting in 2s
Traceback (most recent call last):
  File "/Users/rifat_server/Desktop/content-factory copy 2/bot/telegram_bot.py", line 8, in <module>
    import requests
ModuleNotFoundError: No module named 'requests'
[2026-04-27 16:21:50] bot exited, restarting in 2s
Traceback (most recent call last):
  File "/Users/rifat_server/Desktop/content-factory copy 2/bot/telegram_bot.py", line 8, in <module>
    import requests
ModuleNotFoundError: No module named 'requests'
[2026-04-27 16:21:52] bot exited, restarting in 2s
Traceback (most recent call last):
  File "/Users/rifat_server/Desktop/content-factory copy 2/bot/telegram_bot.py", line 8, in <module>
    import requests
ModuleNotFoundError: No module named 'requests'
[2026-04-27 16:21:54] bot exited, restarting in 2s
Traceback (most recent call last):
  File "/Users/rifat_server/Desktop/content-factory copy 2/bot/telegram_bot.py", line 8, in <module>
    import requests
ModuleNotFoundError: No module named 'requests'
[2026-04-27 16:21:56] bot exited, restarting in 2s
Traceback (most recent call last):
  File "/Users/rifat_server/Desktop/content-factory copy 2/bot/telegram_bot.py", line 8, in <module>
    import requests
ModuleNotFoundError: No module named 'requests'
[2026-04-27 16:21:58] bot exited, restarting in 2s
Traceback (most recent call last):
  File "/Users/rifat_server/Desktop/content-factory copy 2/bot/telegram_bot.py", line 8, in <module>
    import requests
ModuleNotFoundError: No module named 'requests'
[2026-04-27 16:22:00] bot exited, restarting in 2s
Traceback (most recent call last):
  File "/Users/rifat_server/Desktop/content-factory copy 2/bot/telegram_bot.py", line 8, in <module>
    import requests
ModuleNotFoundError: No module named 'requests'
[2026-04-27 16:22:02] bot exited, restarting in 2s
Traceback (most recent call last):
  File "/Users/rifat_server/Desktop/content-factory copy 2/bot/telegram_bot.py", line 8, in <module>
    import requests
ModuleNotFoundError: No module named 'requests'
[2026-04-27 16:22:04] bot exited, restarting in 2s
Traceback (most recent call last):
  File "/Users/rifat_server/Desktop/content-factory copy 2/bot/telegram_bot.py", line 8, in <module>
    import requests
ModuleNotFoundError: No module named 'requests'
[2026-04-27 16:22:06] bot exited, restarting in 2s
Traceback (most recent call last):
  File "/Users/rifat_server/Desktop/content-factory copy 2/bot/telegram_bot.py", line 8, in <module>
    import requests
ModuleNotFoundError: No module named 'requests'
[2026-04-27 16:22:08] bot exited, restarting in 2s
Traceback (most recent call last):
  File "/Users/rifat_server/Desktop/content-factory copy 2/bot/telegram_bot.py", line 8, in <module>
    import requests
ModuleNotFoundError: No module named 'requests'
[2026-04-27 16:22:10] bot exited, restarting in 2s
Traceback (most recent call last):
  File "/Users/rifat_server/Desktop/content-factory copy 2/bot/telegram_bot.py", line 8, in <module>
    import requests
ModuleNotFoundError: No module named 'requests'
[2026-04-27 16:22:12] bot exited, restarting in 2s
Traceback (most recent call last):
  File "/Users/rifat_server/Desktop/content-factory copy 2/bot/telegram_bot.py", line 8, in <module>
    import requests
ModuleNotFoundError: No module named 'requests'
[2026-04-27 16:22:14] bot exited, restarting in 2s
Traceback (most recent call last):
  File "/Users/rifat_server/Desktop/content-factory copy 2/bot/telegram_bot.py", line 8, in <module>
    import requests
ModuleNotFoundError: No module named 'requests'
[2026-04-27 16:22:16] bot exited, restarting in 2s
Traceback (most recent call last):
  File "/Users/rifat_server/Desktop/content-factory copy 2/bot/telegram_bot.py", line 8, in <module>
    import requests
ModuleNotFoundError: No module named 'requests'
[2026-04-27 16:22:18] bot exited, restarting in 2s
Traceback (most recent call last):
  File "/Users/rifat_server/Desktop/content-factory copy 2/bot/telegram_bot.py", line 8, in <module>
    import requests
ModuleNotFoundError: No module named 'requests'
[2026-04-27 16:22:20] bot exited, restarting in 2s
Traceback (most recent call last):
  File "/Users/rifat_server/Desktop/content-factory copy 2/bot/telegram_bot.py", line 8, in <module>
    import requests
ModuleNotFoundError: No module named 'requests'
[2026-04-27 16:22:22] bot exited, restarting in 2s
/Users/rifat_server/Library/Python/3.9/lib/python/site-packages/urllib3/__init__.py:35: NotOpenSSLWarning: urllib3 v2 only supports OpenSSL 1.1.1+, currently the 'ssl' module is compiled with 'LibreSSL 2.8.3'. See: https://github.com/urllib3/urllib3/issues/3020
  warnings.warn(
Traceback (most recent call last):
  File "/Users/rifat_server/Desktop/content-factory copy 2/bot/telegram_bot.py", line 9, in <module>
    from telegram import InlineKeyboardButton, InlineKeyboardMarkup, Update
ModuleNotFoundError: No module named 'telegram'
[2026-04-27 16:22:26] bot exited, restarting in 2s
/Users/rifat_server/Library/Python/3.9/lib/python/site-packages/urllib3/__init__.py:35: NotOpenSSLWarning: urllib3 v2 only supports OpenSSL 1.1.1+, currently the 'ssl' module is compiled with 'LibreSSL 2.8.3'. See: https://github.com/urllib3/urllib3/issues/3020
  warnings.warn(
Traceback (most recent call last):
  File "/Users/rifat_server/Desktop/content-factory copy 2/bot/telegram_bot.py", line 9, in <module>
    from telegram import InlineKeyboardButton, InlineKeyboardMarkup, Update
ModuleNotFoundError: No module named 'telegram'
[2026-04-27 16:22:28] bot exited, restarting in 2s
/Users/rifat_server/Library/Python/3.9/lib/python/site-packages/urllib3/__init__.py:35: NotOpenSSLWarning: urllib3 v2 only supports OpenSSL 1.1.1+, currently the 'ssl' module is compiled with 'LibreSSL 2.8.3'. See: https://github.com/urllib3/urllib3/issues/3020
  warnings.warn(
Traceback (most recent call last):
  File "/Users/rifat_server/Desktop/content-factory copy 2/bot/telegram_bot.py", line 9, in <module>
    from telegram import InlineKeyboardButton, InlineKeyboardMarkup, Update
ModuleNotFoundError: No module named 'telegram'
[2026-04-27 16:22:30] bot exited, restarting in 2s
/Users/rifat_server/Library/Python/3.9/lib/python/site-packages/urllib3/__init__.py:35: NotOpenSSLWarning: urllib3 v2 only supports OpenSSL 1.1.1+, currently the 'ssl' module is compiled with 'LibreSSL 2.8.3'. See: https://github.com/urllib3/urllib3/issues/3020
  warnings.warn(
Traceback (most recent call last):
  File "/Users/rifat_server/Desktop/content-factory copy 2/bot/telegram_bot.py", line 9, in <module>
    from telegram import InlineKeyboardButton, InlineKeyboardMarkup, Update
ModuleNotFoundError: No module named 'telegram'
[2026-04-27 16:22:32] bot exited, restarting in 2s
/Users/rifat_server/Library/Python/3.9/lib/python/site-packages/urllib3/__init__.py:35: NotOpenSSLWarning: urllib3 v2 only supports OpenSSL 1.1.1+, currently the 'ssl' module is compiled with 'LibreSSL 2.8.3'. See: https://github.com/urllib3/urllib3/issues/3020
  warnings.warn(
/Users/rifat_server/Library/Python/3.9/lib/python/site-packages/urllib3/__init__.py:35: NotOpenSSLWarning: urllib3 v2 only supports OpenSSL 1.1.1+, currently the 'ssl' module is compiled with 'LibreSSL 2.8.3'. See: https://github.com/urllib3/urllib3/issues/3020
  warnings.warn(
